<?xml version="1.0" encoding="UTF-8"?>
<testng-results skipped="0" failed="1" ignored="1" total="4" passed="2">
  <reporter-output>
  </reporter-output>
  <suite name="Default suite" duration-ms="20135" started-at="2020-03-26T10:49:00Z" finished-at="2020-03-26T10:49:20Z">
    <groups>
    </groups>
    <test name="Default test" duration-ms="20135" started-at="2020-03-26T10:49:00Z" finished-at="2020-03-26T10:49:20Z">
      <class name="wfh_day2.extent_reports">
        <test-method status="PASS" signature="startreport()[pri:0, instance:wfh_day2.extent_reports@31610302]" name="startreport" is-config="true" duration-ms="178" started-at="2020-03-26T10:49:00Z" finished-at="2020-03-26T10:49:00Z">
          <reporter-output>
          </reporter-output>
        </test-method> <!-- startreport -->
        <test-method status="PASS" signature="logindemoshop()[pri:0, instance:wfh_day2.extent_reports@31610302]" name="logindemoshop" duration-ms="14189" started-at="2020-03-26T10:49:00Z" finished-at="2020-03-26T10:49:15Z">
          <reporter-output>
          </reporter-output>
        </test-method> <!-- logindemoshop -->
        <test-method status="PASS" signature="getresulttest(org.testng.ITestResult)[pri:0, instance:wfh_day2.extent_reports@31610302]" name="getresulttest" is-config="true" duration-ms="11" started-at="2020-03-26T10:49:15Z" finished-at="2020-03-26T10:49:15Z">
          <params>
            <param index="0">
              <value>
                <![CDATA[[TestResult name=logindemoshop status=SUCCESS method=extent_reports.logindemoshop()[pri:0, instance:wfh_day2.extent_reports@31610302] output={null}]]]>
              </value>
            </param>
          </params>
          <reporter-output>
          </reporter-output>
        </test-method> <!-- getresulttest -->
        <test-method status="PASS" signature="testcase01()[pri:0, instance:wfh_day2.extent_reports@31610302]" name="testcase01" duration-ms="2" started-at="2020-03-26T10:49:15Z" finished-at="2020-03-26T10:49:15Z">
          <reporter-output>
          </reporter-output>
        </test-method> <!-- testcase01 -->
        <test-method status="PASS" signature="getresulttest(org.testng.ITestResult)[pri:0, instance:wfh_day2.extent_reports@31610302]" name="getresulttest" is-config="true" duration-ms="0" started-at="2020-03-26T10:49:15Z" finished-at="2020-03-26T10:49:15Z">
          <params>
            <param index="0">
              <value>
                <![CDATA[[TestResult name=testcase01 status=SUCCESS method=extent_reports.testcase01()[pri:0, instance:wfh_day2.extent_reports@31610302] output={null}]]]>
              </value>
            </param>
          </params>
          <reporter-output>
          </reporter-output>
        </test-method> <!-- getresulttest -->
        <test-method status="FAIL" signature="testcase02()[pri:0, instance:wfh_day2.extent_reports@31610302]" name="testcase02" duration-ms="2" started-at="2020-03-26T10:49:15Z" finished-at="2020-03-26T10:49:15Z">
          <exception class="java.lang.AssertionError">
            <message>
              <![CDATA[expected [20] but found [10]]]>
            </message>
            <full-stacktrace>
              <![CDATA[java.lang.AssertionError: expected [20] but found [10]
at org.testng.Assert.fail(Assert.java:96)
at org.testng.Assert.failNotEquals(Assert.java:776)
at org.testng.Assert.assertEqualsImpl(Assert.java:137)
at org.testng.Assert.assertEquals(Assert.java:118)
at org.testng.Assert.assertEquals(Assert.java:652)
at org.testng.Assert.assertEquals(Assert.java:662)
at wfh_day2.extent_reports.testcase02(extent_reports.java:59)
at sun.reflect.NativeMethodAccessorImpl.invoke0(Native Method)
at sun.reflect.NativeMethodAccessorImpl.invoke(Unknown Source)
at sun.reflect.DelegatingMethodAccessorImpl.invoke(Unknown Source)
at java.lang.reflect.Method.invoke(Unknown Source)
at org.testng.internal.MethodInvocationHelper.invokeMethod(MethodInvocationHelper.java:124)
at org.testng.internal.Invoker.invokeMethod(Invoker.java:583)
at org.testng.internal.Invoker.invokeTestMethod(Invoker.java:719)
at org.testng.internal.Invoker.invokeTestMethods(Invoker.java:989)
at org.testng.internal.TestMethodWorker.invokeTestMethods(TestMethodWorker.java:125)
at org.testng.internal.TestMethodWorker.run(TestMethodWorker.java:109)
at org.testng.TestRunner.privateRun(TestRunner.java:648)
at org.testng.TestRunner.run(TestRunner.java:505)
at org.testng.SuiteRunner.runTest(SuiteRunner.java:455)
at org.testng.SuiteRunner.runSequentially(SuiteRunner.java:450)
at org.testng.SuiteRunner.privateRun(SuiteRunner.java:415)
at org.testng.SuiteRunner.run(SuiteRunner.java:364)
at org.testng.SuiteRunnerWorker.runSuite(SuiteRunnerWorker.java:52)
at org.testng.SuiteRunnerWorker.run(SuiteRunnerWorker.java:84)
at org.testng.TestNG.runSuitesSequentially(TestNG.java:1208)
at org.testng.TestNG.runSuitesLocally(TestNG.java:1137)
at org.testng.TestNG.runSuites(TestNG.java:1049)
at org.testng.TestNG.run(TestNG.java:1017)
at org.testng.remote.AbstractRemoteTestNG.run(AbstractRemoteTestNG.java:114)
at org.testng.remote.RemoteTestNG.initAndRun(RemoteTestNG.java:251)
at org.testng.remote.RemoteTestNG.main(RemoteTestNG.java:77)
]]>
            </full-stacktrace>
          </exception> <!-- java.lang.AssertionError -->
          <reporter-output>
          </reporter-output>
        </test-method> <!-- testcase02 -->
        <test-method status="PASS" signature="getresulttest(org.testng.ITestResult)[pri:0, instance:wfh_day2.extent_reports@31610302]" name="getresulttest" is-config="true" duration-ms="794" started-at="2020-03-26T10:49:15Z" finished-at="2020-03-26T10:49:15Z">
          <params>
            <param index="0">
              <value>
                <![CDATA[[TestResult name=testcase02 status=FAILURE method=extent_reports.testcase02()[pri:0, instance:wfh_day2.extent_reports@31610302] output={null}]]]>
              </value>
            </param>
          </params>
          <reporter-output>
          </reporter-output>
        </test-method> <!-- getresulttest -->
        <test-method status="PASS" signature="endreport()[pri:0, instance:wfh_day2.extent_reports@31610302]" name="endreport" is-config="true" duration-ms="4925" started-at="2020-03-26T10:49:15Z" finished-at="2020-03-26T10:49:20Z">
          <reporter-output>
          </reporter-output>
        </test-method> <!-- endreport -->
      </class> <!-- wfh_day2.extent_reports -->
    </test> <!-- Default test -->
  </suite> <!-- Default suite -->
</testng-results>
